<?xml version="1.0" encoding="UTF-8"?>
<!-- Generated by org.testng.reporters.JUnitXMLReporter -->
<testsuite ignored="0" hostname="DESKTOP-HL4FU21" failures="2" tests="2" name="Error Validation" time="8.542" errors="0" timestamp="2023-09-11T09:03:20 IST">
  <testcase classname="Junebatch2023.Errorvalidationtest" name="Errorvalidation" time="5.563">
    <failure type="java.lang.AssertionError" message="expected [true] but found [false]">
      <![CDATA[java.lang.AssertionError: expected [true] but found [false]
at Junebatch2023.Errorvalidationtest.Errorvalidation(Errorvalidationtest.java:28)
at java.base/java.util.ArrayList.forEach(ArrayList.java:1511)
... Removed 31 stack frames]]>
    </failure>
  </testcase> <!-- Errorvalidation -->
  <testcase classname="Junebatch2023.Errorvalidationtest" name="Errorvalidation" time="8.526">
    <failure type="java.lang.NullPointerException">
      <![CDATA[java.lang.NullPointerException
at java.base/java.io.File.<init>(File.java:278)
at testcomponents.startup.Getscreenprint(startup.java:93)
at testcomponents.Listeners.onTestFailure(Listeners.java:49)
at java.base/java.util.ArrayList.forEach(ArrayList.java:1511)
... Removed 24 stack frames]]>
    </failure>
  </testcase> <!-- Errorvalidation -->
</testsuite> <!-- Error Validation -->
